[Message:   BepInEx] BepInEx 5.4.21.0 - Lethal Company (12/11/2023 3:22:40 PM)
[Info   :   BepInEx] Running under Unity v2022.3.9.15351836
[Info   :   BepInEx] CLR runtime version: 4.0.30319.42000
[Info   :   BepInEx] Supports SRE: True
[Info   :   BepInEx] System platform: Bits64, Windows
[Message:   BepInEx] Preloader started
[Info   :   BepInEx] Loaded 1 patcher method from [BepInEx.Preloader 5.4.21.0]
[Info   :   BepInEx] 1 patcher plugin loaded
[Info   :   BepInEx] Patching [UnityEngine.CoreModule] with [BepInEx.Chainloader]
[Message:   BepInEx] Preloader finished
[Message:   BepInEx] Chainloader ready
[Message:   BepInEx] Chainloader started
[Info   :   BepInEx] 20 plugins to load
[Warning:   BepInEx] Plugin [AdditionalSuits 1.1.3] targets a wrong version of BepInEx (5.4.22.0) and might not work until you update
[Warning:   BepInEx] Plugin [HDLethalCompany-Sligili 1.5.6] targets a wrong version of BepInEx (5.4.22.0) and might not work until you update
[Warning:   BepInEx] Plugin [ItemQuickSwitchMod 1.1.0] targets a wrong version of BepInEx (5.4.22.0) and might not work until you update
[Info   :   BepInEx] Loading [FPSSpectate 1.0.0]
[Info   :   BepInEx] Loading [AdditionalSuits 1.1.3]
[Info   :ACS.AdditionalSuits] AdditionalSuits - initializing...
[Info   :ACS.AdditionalSuits] AdditionalSuits - initialized!
[Info   :   BepInEx] Loading [BiggerLobby 2.6.0]
[Info   : Unity Log] Kick Fix Applied
[Info   :BiggerLobby] BiggerLobby loaded
[Info   :   BepInEx] Loading [ShipLoot 1.0]
[Info   :   BepInEx] Loading [Lethal Company Input Utils 0.4.3]
[Info   :Lethal Company Input Utils] Plugin com.rune580.LethalCompanyInputUtils is loaded!
[Info   :   BepInEx] Loading [Custom Sounds 2.2.0]
[Info   :CustomSounds] "hideManagerGameObject" value not correctly set. Fixing it now.
[Info   :CustomSounds] Plugin CustomSounds is loaded!
[Info   :   BepInEx] Loading [ItemQuickSwitchMod 1.1.0]
[Info   :ItemQuickSwitchMod] ItemQuickSwitchMod is creating binds!
[Info   :ItemQuickSwitchMod] Plugin ItemQuickSwitchMod is loaded!
[Info   :   BepInEx] Loading [MoreScreams 1.0.3]
[Info   :   BepInEx] Loading [ReservedItemSlotCore 1.6.0]
[Info   :ReservedItemSlotCore] BindingConfigs
[Info   :ReservedItemSlotCore] ReservedItemSlotCore loaded
[Info   :   BepInEx] Loading [ReservedFlashlightSlot 1.5.0]
[Info   :ReservedFlashlightSlot] BindingConfigs
[Info   :ReservedFlashlightSlot] ReservedFlashlightSlot loaded
[Info   :   BepInEx] Loading [HDLethalCompany-Sligili 1.5.6]
[Info   :HDLethalCompany-Sligili] HDLethalCompany loaded
[Info   :   BepInEx] Loading [LC_API 3.0.1]
[Warning:    LC_API] 
.____    _________           _____  __________ .___  
|    |   \_   ___ \         /  _  \ \______   \|   | 
|    |   /    \  \/        /  /_\  \ |     ___/|   | 
|    |___\     \____      /    |    \|    |    |   | 
|_______ \\______  /______\____|__  /|____|    |___| 
        \/       \//_____/        \/                 
                                                     
[Info   :    LC_API] LC_API Starting up..
[Info   :   BepInEx] Loading [LC Sound Tool 1.4.0]
[Info   :LCSoundTool] Plugin LCSoundTool is loaded!
[Info   :   BepInEx] Loading [PersistentPurchases 1.1.1]
[Info   :PersistentPurchases] Beginning patching of GameNetworkManager.ResetSavedGameValues
[Info   :PersistentPurchases] Patched GameNetworkManager.ResetSavedGameValues
[Info   :PersistentPurchases] Plugin PersistentPurchases is loaded!
[Info   :   BepInEx] Loading [PushCompany 1.2.0]
[Info   :PushCompany] PushCompany has initialized!
[Info   :   BepInEx] Loading [Flashlight 1.5.0]
[Info   :Flashlight] ------Flashlight done.------
[Info   :   BepInEx] Loading [Skinwalker Mod 1.0.8]
[Info   :RugbugRedfern.SkinwalkerMod] SKINWALKER MOD STARTING UP 1.0.8
[Info   :RugbugRedfern.SkinwalkerMod] VoiceEnabled_BaboonHawk VALUE LOADED FROM CONFIG: [True]
[Info   :RugbugRedfern.SkinwalkerMod] VoiceEnabled_Bracken VALUE LOADED FROM CONFIG: [True]
[Info   :RugbugRedfern.SkinwalkerMod] VoiceEnabled_BunkerSpider VALUE LOADED FROM CONFIG: [True]
[Info   :RugbugRedfern.SkinwalkerMod] VoiceEnabled_Centipede VALUE LOADED FROM CONFIG: [True]
[Info   :RugbugRedfern.SkinwalkerMod] VoiceEnabled_CoilHead VALUE LOADED FROM CONFIG: [True]
[Info   :RugbugRedfern.SkinwalkerMod] VoiceEnabled_EyelessDog VALUE LOADED FROM CONFIG: [True]
[Info   :RugbugRedfern.SkinwalkerMod] VoiceEnabled_ForestGiant VALUE LOADED FROM CONFIG: [False]
[Info   :RugbugRedfern.SkinwalkerMod] VoiceEnabled_GhostGirl VALUE LOADED FROM CONFIG: [True]
[Info   :RugbugRedfern.SkinwalkerMod] VoiceEnabled_GiantWorm VALUE LOADED FROM CONFIG: [False]
[Info   :RugbugRedfern.SkinwalkerMod] VoiceEnabled_HoardingBug VALUE LOADED FROM CONFIG: [True]
[Info   :RugbugRedfern.SkinwalkerMod] VoiceEnabled_Hygrodere VALUE LOADED FROM CONFIG: [False]
[Info   :RugbugRedfern.SkinwalkerMod] VoiceEnabled_Jester VALUE LOADED FROM CONFIG: [True]
[Info   :RugbugRedfern.SkinwalkerMod] VoiceEnabled_Masked VALUE LOADED FROM CONFIG: [True]
[Info   :RugbugRedfern.SkinwalkerMod] VoiceEnabled_Nutcracker VALUE LOADED FROM CONFIG: [True]
[Info   :RugbugRedfern.SkinwalkerMod] VoiceEnabled_SporeLizard VALUE LOADED FROM CONFIG: [True]
[Info   :RugbugRedfern.SkinwalkerMod] VoiceEnabled_Thumper VALUE LOADED FROM CONFIG: [True]
[Info   :RugbugRedfern.SkinwalkerMod] VoiceLineFrequency VALUE LOADED FROM CONFIG: [1]
[Info   :RugbugRedfern.SkinwalkerMod] Skinwalker Mod Object Initialized
[Info   :   BepInEx] Loading [Scaling Start Credits 1.0.1]
[Info   :sunnobunno.scalingstartcredits] sunnobunno.scalingstartcredits is loading.
[Info   :sunnobunno.scalingstartcredits] sunnobunno.scalingstartcredits is loaded.
[Info   :   BepInEx] Loading [Late Company 1.0.6]
[Info   :Late Company] Late Company loaded!
[Info   :   BepInEx] Loading [More Suits 1.4.1]
[Info   :More Suits] Plugin More Suits is loaded!
[Message:   BepInEx] Chainloader startup complete
